2023-01-23 12:01:26,066 INFO:main.py:243:print_splash_screen:PDB2PQR v3.4.1: biomolecular structure conversion software.
2023-01-23 12:01:26,066 INFO:main.py:245:print_splash_screen:Please cite:  Jurrus E, et al.  Improvements to the APBS biomolecular solvation software suite.  Protein Sci 27 112-128 (2018).
2023-01-23 12:01:26,066 INFO:main.py:245:print_splash_screen:Please cite:  Dolinsky TJ, et al.  PDB2PQR: expanding and upgrading automated preparation of biomolecular structures for molecular simulations. Nucleic Acids Res 35 W522-W525 (2007).
2023-01-23 12:01:26,066 INFO:main.py:750:main_driver:Checking and transforming input arguments.
2023-01-23 12:01:26,066 INFO:main.py:754:main_driver:Loading topology files.
2023-01-23 12:01:26,104 INFO:main.py:756:main_driver:Loading molecule: /Users/congliu/Desktop/UvA/PROTAI/voxel_box/3gbn.pdb
2023-01-23 12:01:26,126 INFO:main.py:761:main_driver:Setting up molecule.
2023-01-23 12:01:26,152 INFO:main.py:411:setup_molecule:Created biomolecule object with 1121 residues and 6591 atoms.
2023-01-23 12:01:26,152 WARNING:main.py:421:setup_molecule:Multiple occupancies found: N in ASN A 33.
2023-01-23 12:01:26,152 WARNING:main.py:421:setup_molecule:Multiple occupancies found: CA in ASN A 33.
2023-01-23 12:01:26,152 WARNING:main.py:421:setup_molecule:Multiple occupancies found: C in ASN A 33.
2023-01-23 12:01:26,152 WARNING:main.py:421:setup_molecule:Multiple occupancies found: O in ASN A 33.
2023-01-23 12:01:26,152 WARNING:main.py:421:setup_molecule:Multiple occupancies found: CB in ASN A 33.
2023-01-23 12:01:26,152 WARNING:main.py:421:setup_molecule:Multiple occupancies found: CG in ASN A 33.
2023-01-23 12:01:26,152 WARNING:main.py:421:setup_molecule:Multiple occupancies found: OD1 in ASN A 33.
2023-01-23 12:01:26,152 WARNING:main.py:421:setup_molecule:Multiple occupancies found: ND2 in ASN A 33.
2023-01-23 12:01:26,152 WARNING:main.py:427:setup_molecule:Multiple occupancies found in ASN A 33. At least one of the instances is being ignored.
2023-01-23 12:01:26,152 WARNING:main.py:421:setup_molecule:Multiple occupancies found: N in GLN A 60.
2023-01-23 12:01:26,152 WARNING:main.py:421:setup_molecule:Multiple occupancies found: CA in GLN A 60.
2023-01-23 12:01:26,152 WARNING:main.py:421:setup_molecule:Multiple occupancies found: C in GLN A 60.
2023-01-23 12:01:26,152 WARNING:main.py:421:setup_molecule:Multiple occupancies found: O in GLN A 60.
2023-01-23 12:01:26,152 WARNING:main.py:421:setup_molecule:Multiple occupancies found: CB in GLN A 60.
2023-01-23 12:01:26,152 WARNING:main.py:421:setup_molecule:Multiple occupancies found: CG in GLN A 60.
2023-01-23 12:01:26,152 WARNING:main.py:421:setup_molecule:Multiple occupancies found: CD in GLN A 60.
2023-01-23 12:01:26,152 WARNING:main.py:421:setup_molecule:Multiple occupancies found: OE1 in GLN A 60.
2023-01-23 12:01:26,152 WARNING:main.py:421:setup_molecule:Multiple occupancies found: NE2 in GLN A 60.
2023-01-23 12:01:26,152 WARNING:main.py:427:setup_molecule:Multiple occupancies found in GLN A 60. At least one of the instances is being ignored.
2023-01-23 12:01:26,153 WARNING:main.py:421:setup_molecule:Multiple occupancies found: CA in ASN B 43.
2023-01-23 12:01:26,153 WARNING:main.py:421:setup_molecule:Multiple occupancies found: CB in ASN B 43.
2023-01-23 12:01:26,153 WARNING:main.py:421:setup_molecule:Multiple occupancies found: CG in ASN B 43.
2023-01-23 12:01:26,153 WARNING:main.py:421:setup_molecule:Multiple occupancies found: OD1 in ASN B 43.
2023-01-23 12:01:26,153 WARNING:main.py:421:setup_molecule:Multiple occupancies found: ND2 in ASN B 43.
2023-01-23 12:01:26,153 WARNING:main.py:427:setup_molecule:Multiple occupancies found in ASN B 43. At least one of the instances is being ignored.
2023-01-23 12:01:26,153 WARNING:main.py:421:setup_molecule:Multiple occupancies found: CA in ASN B 60.
2023-01-23 12:01:26,153 WARNING:main.py:421:setup_molecule:Multiple occupancies found: CB in ASN B 60.
2023-01-23 12:01:26,153 WARNING:main.py:421:setup_molecule:Multiple occupancies found: CG in ASN B 60.
2023-01-23 12:01:26,153 WARNING:main.py:421:setup_molecule:Multiple occupancies found: OD1 in ASN B 60.
2023-01-23 12:01:26,153 WARNING:main.py:421:setup_molecule:Multiple occupancies found: ND2 in ASN B 60.
2023-01-23 12:01:26,153 WARNING:main.py:427:setup_molecule:Multiple occupancies found in ASN B 60. At least one of the instances is being ignored.
2023-01-23 12:01:26,153 INFO:main.py:765:main_driver:Setting termini states for biomolecule chains.
2023-01-23 12:01:26,163 WARNING:biomolecule.py:599:update_bonds:Gap in backbone detected between LEU H 124 and GLY H 141!
2023-01-23 12:01:26,163 WARNING:biomolecule.py:599:update_bonds:Gap in backbone detected between THR H 153 and THR H 173!
2023-01-23 12:01:26,163 WARNING:biomolecule.py:599:update_bonds:Gap in backbone detected between SER H 180 and SER H 182!
2023-01-23 12:01:26,163 WARNING:biomolecule.py:599:update_bonds:Gap in backbone detected between SER L 9 and VAL L 11!
2023-01-23 12:01:26,164 WARNING:biomolecule.py:599:update_bonds:Gap in backbone detected between LEU L 106A and GLU L 123!
2023-01-23 12:01:26,164 WARNING:biomolecule.py:599:update_bonds:Gap in backbone detected between TYR L 140 and GLY L 158!
2023-01-23 12:01:26,164 WARNING:biomolecule.py:599:update_bonds:Gap in backbone detected between SER L 168 and ASN L 170!
2023-01-23 12:01:26,164 WARNING:biomolecule.py:599:update_bonds:Gap in backbone detected between SER L 180 and CYS L 194!
2023-01-23 12:01:26,164 INFO:main.py:604:non_trivial:Loading forcefield.
2023-01-23 12:01:26,170 INFO:main.py:608:non_trivial:Loading hydrogen topology definitions.
2023-01-23 12:01:26,177 INFO:main.py:618:non_trivial:Attempting to repair 107 missing atoms in biomolecule.
2023-01-23 12:01:26,192 INFO:main.py:623:non_trivial:Updating disulfide bridges.
2023-01-23 12:01:26,195 INFO:main.py:626:non_trivial:Debumping biomolecule.
2023-01-23 12:01:26,365 INFO:main.py:643:non_trivial:Adding hydrogens to biomolecule.
2023-01-23 12:01:26,880 INFO:main.py:646:non_trivial:Debumping biomolecule (again).
2023-01-23 12:01:27,597 INFO:main.py:648:non_trivial:Optimizing hydrogen bonds
2023-01-23 12:01:27,987 WARNING:structures.py:626:try_acceptor:The best donorH was not picked (BUG?).
2023-01-23 12:01:27,987 WARNING:structures.py:626:try_acceptor:The best donorH was not picked (BUG?).
2023-01-23 12:01:27,991 WARNING:structures.py:626:try_acceptor:The best donorH was not picked (BUG?).
2023-01-23 12:01:27,995 WARNING:structures.py:626:try_acceptor:The best donorH was not picked (BUG?).
2023-01-23 12:01:27,995 WARNING:structures.py:626:try_acceptor:The best donorH was not picked (BUG?).
2023-01-23 12:01:28,002 WARNING:structures.py:626:try_acceptor:The best donorH was not picked (BUG?).
2023-01-23 12:01:28,005 WARNING:structures.py:626:try_acceptor:The best donorH was not picked (BUG?).
2023-01-23 12:01:28,007 WARNING:structures.py:626:try_acceptor:The best donorH was not picked (BUG?).
2023-01-23 12:01:28,051 WARNING:structures.py:626:try_acceptor:The best donorH was not picked (BUG?).
2023-01-23 12:01:28,128 WARNING:io.py:40:filter:Suppressing further "The best donorH was not picked" messages
2023-01-23 12:01:28,174 WARNING:debump.py:354:get_closest_atom:Skipped atom during water optimization: H1 in HOH B 321 skipped when optimizing H2 in HOH A 350
2023-01-23 12:01:28,184 WARNING:debump.py:354:get_closest_atom:Skipped atom during water optimization: H1 in HOH B 321 skipped when optimizing H2 in HOH A 350
2023-01-23 12:01:28,184 WARNING:debump.py:354:get_closest_atom:Skipped atom during water optimization: H1 in HOH B 321 skipped when optimizing H2 in HOH A 350
2023-01-23 12:01:28,185 WARNING:debump.py:354:get_closest_atom:Skipped atom during water optimization: H1 in HOH B 209 skipped when optimizing H2 in HOH B 321
2023-01-23 12:01:28,186 WARNING:debump.py:354:get_closest_atom:Skipped atom during water optimization: H1 in HOH B 209 skipped when optimizing H2 in HOH B 321
2023-01-23 12:01:28,186 WARNING:debump.py:354:get_closest_atom:Skipped atom during water optimization: H1 in HOH B 209 skipped when optimizing H2 in HOH B 321
2023-01-23 12:01:28,186 WARNING:debump.py:354:get_closest_atom:Skipped atom during water optimization: H1 in HOH B 209 skipped when optimizing H2 in HOH B 321
2023-01-23 12:01:28,187 WARNING:debump.py:354:get_closest_atom:Skipped atom during water optimization: H1 in HOH B 322 skipped when optimizing H2 in HOH B 321
2023-01-23 12:01:28,187 WARNING:debump.py:354:get_closest_atom:Skipped atom during water optimization: H1 in HOH B 322 skipped when optimizing H2 in HOH B 321
2023-01-23 12:01:28,188 WARNING:io.py:40:filter:Suppressing further "Skipped atom during water optimization" messages
2023-01-23 12:01:31,128 INFO:main.py:660:non_trivial:Applying force field to biomolecule states.
2023-01-23 12:01:31,136 INFO:main.py:704:non_trivial:Regenerating headers.
2023-01-23 12:01:31,137 INFO:main.py:729:non_trivial:Regenerating PDB lines.
2023-01-23 12:01:31,179 WARNING:main.py:314:print_pqr:Ignoring 4986 header lines in output.
2023-01-23 12:01:31,179 WARNING:main.py:318:print_pqr:Ignoring 131 missing lines in output.
2023-01-23 15:10:16,761 INFO:main.py:243:print_splash_screen:PDB2PQR v3.4.1: biomolecular structure conversion software.
2023-01-23 15:10:16,762 INFO:main.py:245:print_splash_screen:Please cite:  Jurrus E, et al.  Improvements to the APBS biomolecular solvation software suite.  Protein Sci 27 112-128 (2018).
2023-01-23 15:10:16,762 INFO:main.py:245:print_splash_screen:Please cite:  Dolinsky TJ, et al.  PDB2PQR: expanding and upgrading automated preparation of biomolecular structures for molecular simulations. Nucleic Acids Res 35 W522-W525 (2007).
2023-01-23 15:10:16,762 INFO:main.py:750:main_driver:Checking and transforming input arguments.
2023-01-23 15:10:16,762 INFO:main.py:754:main_driver:Loading topology files.
2023-01-23 15:10:16,800 INFO:main.py:756:main_driver:Loading molecule: /Users/congliu/Desktop/UvA/PROTAI/voxel_box/3gbn.pdb
2023-01-23 15:10:16,821 INFO:main.py:761:main_driver:Setting up molecule.
2023-01-23 15:10:16,846 INFO:main.py:411:setup_molecule:Created biomolecule object with 1121 residues and 6591 atoms.
2023-01-23 15:10:16,846 WARNING:main.py:421:setup_molecule:Multiple occupancies found: N in ASN A 33.
2023-01-23 15:10:16,846 WARNING:main.py:421:setup_molecule:Multiple occupancies found: CA in ASN A 33.
2023-01-23 15:10:16,846 WARNING:main.py:421:setup_molecule:Multiple occupancies found: C in ASN A 33.
2023-01-23 15:10:16,846 WARNING:main.py:421:setup_molecule:Multiple occupancies found: O in ASN A 33.
2023-01-23 15:10:16,846 WARNING:main.py:421:setup_molecule:Multiple occupancies found: CB in ASN A 33.
2023-01-23 15:10:16,846 WARNING:main.py:421:setup_molecule:Multiple occupancies found: CG in ASN A 33.
2023-01-23 15:10:16,846 WARNING:main.py:421:setup_molecule:Multiple occupancies found: OD1 in ASN A 33.
2023-01-23 15:10:16,846 WARNING:main.py:421:setup_molecule:Multiple occupancies found: ND2 in ASN A 33.
2023-01-23 15:10:16,846 WARNING:main.py:427:setup_molecule:Multiple occupancies found in ASN A 33. At least one of the instances is being ignored.
2023-01-23 15:10:16,846 WARNING:main.py:421:setup_molecule:Multiple occupancies found: N in GLN A 60.
2023-01-23 15:10:16,846 WARNING:main.py:421:setup_molecule:Multiple occupancies found: CA in GLN A 60.
2023-01-23 15:10:16,846 WARNING:main.py:421:setup_molecule:Multiple occupancies found: C in GLN A 60.
2023-01-23 15:10:16,846 WARNING:main.py:421:setup_molecule:Multiple occupancies found: O in GLN A 60.
2023-01-23 15:10:16,846 WARNING:main.py:421:setup_molecule:Multiple occupancies found: CB in GLN A 60.
2023-01-23 15:10:16,846 WARNING:main.py:421:setup_molecule:Multiple occupancies found: CG in GLN A 60.
2023-01-23 15:10:16,846 WARNING:main.py:421:setup_molecule:Multiple occupancies found: CD in GLN A 60.
2023-01-23 15:10:16,846 WARNING:main.py:421:setup_molecule:Multiple occupancies found: OE1 in GLN A 60.
2023-01-23 15:10:16,846 WARNING:main.py:421:setup_molecule:Multiple occupancies found: NE2 in GLN A 60.
2023-01-23 15:10:16,846 WARNING:main.py:427:setup_molecule:Multiple occupancies found in GLN A 60. At least one of the instances is being ignored.
2023-01-23 15:10:16,847 WARNING:main.py:421:setup_molecule:Multiple occupancies found: CA in ASN B 43.
2023-01-23 15:10:16,847 WARNING:main.py:421:setup_molecule:Multiple occupancies found: CB in ASN B 43.
2023-01-23 15:10:16,847 WARNING:main.py:421:setup_molecule:Multiple occupancies found: CG in ASN B 43.
2023-01-23 15:10:16,847 WARNING:main.py:421:setup_molecule:Multiple occupancies found: OD1 in ASN B 43.
2023-01-23 15:10:16,847 WARNING:main.py:421:setup_molecule:Multiple occupancies found: ND2 in ASN B 43.
2023-01-23 15:10:16,847 WARNING:main.py:427:setup_molecule:Multiple occupancies found in ASN B 43. At least one of the instances is being ignored.
2023-01-23 15:10:16,847 WARNING:main.py:421:setup_molecule:Multiple occupancies found: CA in ASN B 60.
2023-01-23 15:10:16,847 WARNING:main.py:421:setup_molecule:Multiple occupancies found: CB in ASN B 60.
2023-01-23 15:10:16,847 WARNING:main.py:421:setup_molecule:Multiple occupancies found: CG in ASN B 60.
2023-01-23 15:10:16,847 WARNING:main.py:421:setup_molecule:Multiple occupancies found: OD1 in ASN B 60.
2023-01-23 15:10:16,847 WARNING:main.py:421:setup_molecule:Multiple occupancies found: ND2 in ASN B 60.
2023-01-23 15:10:16,847 WARNING:main.py:427:setup_molecule:Multiple occupancies found in ASN B 60. At least one of the instances is being ignored.
2023-01-23 15:10:16,847 INFO:main.py:765:main_driver:Setting termini states for biomolecule chains.
2023-01-23 15:10:16,858 WARNING:biomolecule.py:599:update_bonds:Gap in backbone detected between LEU H 124 and GLY H 141!
2023-01-23 15:10:16,858 WARNING:biomolecule.py:599:update_bonds:Gap in backbone detected between THR H 153 and THR H 173!
2023-01-23 15:10:16,858 WARNING:biomolecule.py:599:update_bonds:Gap in backbone detected between SER H 180 and SER H 182!
2023-01-23 15:10:16,858 WARNING:biomolecule.py:599:update_bonds:Gap in backbone detected between SER L 9 and VAL L 11!
2023-01-23 15:10:16,858 WARNING:biomolecule.py:599:update_bonds:Gap in backbone detected between LEU L 106A and GLU L 123!
2023-01-23 15:10:16,858 WARNING:biomolecule.py:599:update_bonds:Gap in backbone detected between TYR L 140 and GLY L 158!
2023-01-23 15:10:16,858 WARNING:biomolecule.py:599:update_bonds:Gap in backbone detected between SER L 168 and ASN L 170!
2023-01-23 15:10:16,858 WARNING:biomolecule.py:599:update_bonds:Gap in backbone detected between SER L 180 and CYS L 194!
2023-01-23 15:10:16,858 INFO:main.py:604:non_trivial:Loading forcefield.
2023-01-23 15:10:16,863 INFO:main.py:608:non_trivial:Loading hydrogen topology definitions.
2023-01-23 15:10:16,869 INFO:main.py:618:non_trivial:Attempting to repair 107 missing atoms in biomolecule.
2023-01-23 15:10:16,884 INFO:main.py:623:non_trivial:Updating disulfide bridges.
2023-01-23 15:10:16,886 INFO:main.py:626:non_trivial:Debumping biomolecule.
2023-01-23 15:10:17,053 INFO:main.py:643:non_trivial:Adding hydrogens to biomolecule.
2023-01-23 15:10:17,567 INFO:main.py:646:non_trivial:Debumping biomolecule (again).
2023-01-23 15:10:18,284 INFO:main.py:648:non_trivial:Optimizing hydrogen bonds
2023-01-23 15:10:18,674 WARNING:structures.py:626:try_acceptor:The best donorH was not picked (BUG?).
2023-01-23 15:10:18,675 WARNING:structures.py:626:try_acceptor:The best donorH was not picked (BUG?).
2023-01-23 15:10:18,678 WARNING:structures.py:626:try_acceptor:The best donorH was not picked (BUG?).
2023-01-23 15:10:18,682 WARNING:structures.py:626:try_acceptor:The best donorH was not picked (BUG?).
2023-01-23 15:10:18,683 WARNING:structures.py:626:try_acceptor:The best donorH was not picked (BUG?).
2023-01-23 15:10:18,689 WARNING:structures.py:626:try_acceptor:The best donorH was not picked (BUG?).
2023-01-23 15:10:18,692 WARNING:structures.py:626:try_acceptor:The best donorH was not picked (BUG?).
2023-01-23 15:10:18,694 WARNING:structures.py:626:try_acceptor:The best donorH was not picked (BUG?).
2023-01-23 15:10:18,738 WARNING:structures.py:626:try_acceptor:The best donorH was not picked (BUG?).
2023-01-23 15:10:18,817 WARNING:io.py:40:filter:Suppressing further "The best donorH was not picked" messages
2023-01-23 15:10:18,863 WARNING:debump.py:354:get_closest_atom:Skipped atom during water optimization: H1 in HOH B 321 skipped when optimizing H2 in HOH A 350
2023-01-23 15:10:18,873 WARNING:debump.py:354:get_closest_atom:Skipped atom during water optimization: H1 in HOH B 321 skipped when optimizing H2 in HOH A 350
2023-01-23 15:10:18,874 WARNING:debump.py:354:get_closest_atom:Skipped atom during water optimization: H1 in HOH B 321 skipped when optimizing H2 in HOH A 350
2023-01-23 15:10:18,875 WARNING:debump.py:354:get_closest_atom:Skipped atom during water optimization: H1 in HOH B 209 skipped when optimizing H2 in HOH B 321
2023-01-23 15:10:18,875 WARNING:debump.py:354:get_closest_atom:Skipped atom during water optimization: H1 in HOH B 209 skipped when optimizing H2 in HOH B 321
2023-01-23 15:10:18,876 WARNING:debump.py:354:get_closest_atom:Skipped atom during water optimization: H1 in HOH B 209 skipped when optimizing H2 in HOH B 321
2023-01-23 15:10:18,876 WARNING:debump.py:354:get_closest_atom:Skipped atom during water optimization: H1 in HOH B 209 skipped when optimizing H2 in HOH B 321
2023-01-23 15:10:18,877 WARNING:debump.py:354:get_closest_atom:Skipped atom during water optimization: H1 in HOH B 322 skipped when optimizing H2 in HOH B 321
2023-01-23 15:10:18,877 WARNING:debump.py:354:get_closest_atom:Skipped atom during water optimization: H1 in HOH B 322 skipped when optimizing H2 in HOH B 321
2023-01-23 15:10:18,878 WARNING:io.py:40:filter:Suppressing further "Skipped atom during water optimization" messages
2023-01-23 15:10:21,844 INFO:main.py:660:non_trivial:Applying force field to biomolecule states.
2023-01-23 15:10:21,852 INFO:main.py:704:non_trivial:Regenerating headers.
2023-01-23 15:10:21,853 INFO:main.py:729:non_trivial:Regenerating PDB lines.
2023-01-23 15:10:21,895 WARNING:main.py:314:print_pqr:Ignoring 4990 header lines in output.
2023-01-23 15:10:21,895 WARNING:main.py:318:print_pqr:Ignoring 131 missing lines in output.
2023-01-23 15:12:30,567 INFO:main.py:235:print_splash_screen:PDB2PQR v3.1.0: biomolecular structure conversion software.
2023-01-23 15:12:30,567 INFO:main.py:237:print_splash_screen:Please cite:  Jurrus E, et al.  Improvements to the APBS biomolecular solvation software suite.  Protein Sci 27 112-128 (2018).
2023-01-23 15:12:30,567 INFO:main.py:237:print_splash_screen:Please cite:  Dolinsky TJ, et al.  PDB2PQR: expanding and upgrading automated preparation of biomolecular structures for molecular simulations. Nucleic Acids Res 35 W522-W525 (2007).
2023-01-23 15:12:30,567 INFO:main.py:728:main_driver:Checking and transforming input arguments.
2023-01-23 15:12:30,567 INFO:main.py:732:main_driver:Loading topology files.
2023-01-23 15:12:30,599 INFO:main.py:734:main_driver:Loading molecule: /Users/congliu/Desktop/UvA/PROTAI/voxel_box/3gbn.pdb
2023-01-23 15:12:30,620 INFO:main.py:739:main_driver:Setting up molecule.
2023-01-23 15:12:30,658 INFO:main.py:404:setup_molecule:Created biomolecule object with 1121 residues and 6591 atoms.
2023-01-23 15:12:30,658 WARNING:main.py:414:setup_molecule:Multiple occupancies found: N in ASN A 33.
2023-01-23 15:12:30,658 WARNING:main.py:414:setup_molecule:Multiple occupancies found: CA in ASN A 33.
2023-01-23 15:12:30,658 WARNING:main.py:414:setup_molecule:Multiple occupancies found: C in ASN A 33.
2023-01-23 15:12:30,658 WARNING:main.py:414:setup_molecule:Multiple occupancies found: O in ASN A 33.
2023-01-23 15:12:30,658 WARNING:main.py:414:setup_molecule:Multiple occupancies found: CB in ASN A 33.
2023-01-23 15:12:30,658 WARNING:main.py:414:setup_molecule:Multiple occupancies found: CG in ASN A 33.
2023-01-23 15:12:30,658 WARNING:main.py:414:setup_molecule:Multiple occupancies found: OD1 in ASN A 33.
2023-01-23 15:12:30,658 WARNING:main.py:414:setup_molecule:Multiple occupancies found: ND2 in ASN A 33.
2023-01-23 15:12:30,658 WARNING:main.py:420:setup_molecule:Multiple occupancies found in ASN A 33. At least one of the instances is being ignored.
2023-01-23 15:12:30,658 WARNING:main.py:414:setup_molecule:Multiple occupancies found: N in GLN A 60.
2023-01-23 15:12:30,658 WARNING:main.py:414:setup_molecule:Multiple occupancies found: CA in GLN A 60.
2023-01-23 15:12:30,658 WARNING:main.py:414:setup_molecule:Multiple occupancies found: C in GLN A 60.
2023-01-23 15:12:30,658 WARNING:main.py:414:setup_molecule:Multiple occupancies found: O in GLN A 60.
2023-01-23 15:12:30,658 WARNING:main.py:414:setup_molecule:Multiple occupancies found: CB in GLN A 60.
2023-01-23 15:12:30,658 WARNING:main.py:414:setup_molecule:Multiple occupancies found: CG in GLN A 60.
2023-01-23 15:12:30,658 WARNING:main.py:414:setup_molecule:Multiple occupancies found: CD in GLN A 60.
2023-01-23 15:12:30,658 WARNING:main.py:414:setup_molecule:Multiple occupancies found: OE1 in GLN A 60.
2023-01-23 15:12:30,658 WARNING:main.py:414:setup_molecule:Multiple occupancies found: NE2 in GLN A 60.
2023-01-23 15:12:30,658 WARNING:main.py:420:setup_molecule:Multiple occupancies found in GLN A 60. At least one of the instances is being ignored.
2023-01-23 15:12:30,659 WARNING:main.py:414:setup_molecule:Multiple occupancies found: CA in ASN B 43.
2023-01-23 15:12:30,659 WARNING:main.py:414:setup_molecule:Multiple occupancies found: CB in ASN B 43.
2023-01-23 15:12:30,659 WARNING:main.py:414:setup_molecule:Multiple occupancies found: CG in ASN B 43.
2023-01-23 15:12:30,659 WARNING:main.py:414:setup_molecule:Multiple occupancies found: OD1 in ASN B 43.
2023-01-23 15:12:30,659 WARNING:main.py:414:setup_molecule:Multiple occupancies found: ND2 in ASN B 43.
2023-01-23 15:12:30,659 WARNING:main.py:420:setup_molecule:Multiple occupancies found in ASN B 43. At least one of the instances is being ignored.
2023-01-23 15:12:30,659 WARNING:main.py:414:setup_molecule:Multiple occupancies found: CA in ASN B 60.
2023-01-23 15:12:30,659 WARNING:main.py:414:setup_molecule:Multiple occupancies found: CB in ASN B 60.
2023-01-23 15:12:30,659 WARNING:main.py:414:setup_molecule:Multiple occupancies found: CG in ASN B 60.
2023-01-23 15:12:30,659 WARNING:main.py:414:setup_molecule:Multiple occupancies found: OD1 in ASN B 60.
2023-01-23 15:12:30,659 WARNING:main.py:414:setup_molecule:Multiple occupancies found: ND2 in ASN B 60.
2023-01-23 15:12:30,659 WARNING:main.py:420:setup_molecule:Multiple occupancies found in ASN B 60. At least one of the instances is being ignored.
2023-01-23 15:12:30,659 INFO:main.py:743:main_driver:Setting termini states for biomolecule chains.
2023-01-23 15:12:30,669 WARNING:biomolecule.py:583:update_bonds:Gap in backbone detected between LEU H 124 and GLY H 141!
2023-01-23 15:12:30,669 WARNING:biomolecule.py:583:update_bonds:Gap in backbone detected between THR H 153 and THR H 173!
2023-01-23 15:12:30,669 WARNING:biomolecule.py:583:update_bonds:Gap in backbone detected between SER H 180 and SER H 182!
2023-01-23 15:12:30,669 WARNING:biomolecule.py:583:update_bonds:Gap in backbone detected between SER L 9 and VAL L 11!
2023-01-23 15:12:30,670 WARNING:biomolecule.py:583:update_bonds:Gap in backbone detected between LEU L 106A and GLU L 123!
2023-01-23 15:12:30,670 WARNING:biomolecule.py:583:update_bonds:Gap in backbone detected between TYR L 140 and GLY L 158!
2023-01-23 15:12:30,670 WARNING:biomolecule.py:583:update_bonds:Gap in backbone detected between SER L 168 and ASN L 170!
2023-01-23 15:12:30,670 WARNING:biomolecule.py:583:update_bonds:Gap in backbone detected between SER L 180 and CYS L 194!
2023-01-23 15:12:30,670 INFO:main.py:589:non_trivial:Loading forcefield.
2023-01-23 15:12:30,673 INFO:main.py:593:non_trivial:Loading hydrogen topology definitions.
2023-01-23 15:12:30,679 INFO:main.py:602:non_trivial:Attempting to repair 107 missing atoms in biomolecule.
2023-01-23 15:12:30,693 INFO:main.py:607:non_trivial:Updating disulfide bridges.
2023-01-23 15:12:30,695 INFO:main.py:610:non_trivial:Debumping biomolecule.
2023-01-23 15:12:30,864 INFO:main.py:626:non_trivial:Adding hydrogens to biomolecule.
2023-01-23 15:12:31,373 INFO:main.py:629:non_trivial:Debumping biomolecule (again).
2023-01-23 15:12:32,093 INFO:main.py:631:non_trivial:Optimizing hydrogen bonds
2023-01-23 15:12:32,486 WARNING:structures.py:626:try_acceptor:The best donorH was not picked (BUG?).
2023-01-23 15:12:32,486 WARNING:structures.py:626:try_acceptor:The best donorH was not picked (BUG?).
2023-01-23 15:12:32,490 WARNING:structures.py:626:try_acceptor:The best donorH was not picked (BUG?).
2023-01-23 15:12:32,494 WARNING:structures.py:626:try_acceptor:The best donorH was not picked (BUG?).
2023-01-23 15:12:32,495 WARNING:structures.py:626:try_acceptor:The best donorH was not picked (BUG?).
2023-01-23 15:12:32,501 WARNING:structures.py:626:try_acceptor:The best donorH was not picked (BUG?).
2023-01-23 15:12:32,504 WARNING:structures.py:626:try_acceptor:The best donorH was not picked (BUG?).
2023-01-23 15:12:32,506 WARNING:structures.py:626:try_acceptor:The best donorH was not picked (BUG?).
2023-01-23 15:12:32,553 WARNING:structures.py:626:try_acceptor:The best donorH was not picked (BUG?).
2023-01-23 15:12:32,632 WARNING:io.py:40:filter:Suppressing further "The best donorH was not picked" messages
2023-01-23 15:12:32,678 WARNING:debump.py:354:get_closest_atom:Skipped atom during water optimization: H1 in HOH B 321 skipped when optimizing H2 in HOH A 350
2023-01-23 15:12:32,688 WARNING:debump.py:354:get_closest_atom:Skipped atom during water optimization: H1 in HOH B 321 skipped when optimizing H2 in HOH A 350
2023-01-23 15:12:32,689 WARNING:debump.py:354:get_closest_atom:Skipped atom during water optimization: H1 in HOH B 321 skipped when optimizing H2 in HOH A 350
2023-01-23 15:12:32,690 WARNING:debump.py:354:get_closest_atom:Skipped atom during water optimization: H1 in HOH B 209 skipped when optimizing H2 in HOH B 321
2023-01-23 15:12:32,690 WARNING:debump.py:354:get_closest_atom:Skipped atom during water optimization: H1 in HOH B 209 skipped when optimizing H2 in HOH B 321
2023-01-23 15:12:32,691 WARNING:debump.py:354:get_closest_atom:Skipped atom during water optimization: H1 in HOH B 209 skipped when optimizing H2 in HOH B 321
2023-01-23 15:12:32,691 WARNING:debump.py:354:get_closest_atom:Skipped atom during water optimization: H1 in HOH B 209 skipped when optimizing H2 in HOH B 321
2023-01-23 15:12:32,692 WARNING:debump.py:354:get_closest_atom:Skipped atom during water optimization: H1 in HOH B 322 skipped when optimizing H2 in HOH B 321
2023-01-23 15:12:32,692 WARNING:debump.py:354:get_closest_atom:Skipped atom during water optimization: H1 in HOH B 322 skipped when optimizing H2 in HOH B 321
2023-01-23 15:12:32,693 WARNING:io.py:40:filter:Suppressing further "Skipped atom during water optimization" messages
2023-01-23 15:12:35,677 INFO:main.py:643:non_trivial:Applying force field to biomolecule states.
2023-01-23 15:12:35,685 INFO:main.py:687:non_trivial:Regenerating headers.
2023-01-23 15:12:35,687 INFO:main.py:712:non_trivial:Regenerating PDB lines.
2023-01-23 15:12:35,728 WARNING:main.py:306:print_pqr:Ignoring 4990 header lines in output.
2023-01-23 15:12:35,728 WARNING:main.py:310:print_pqr:Ignoring 131 missing lines in output.
